Building...
/home/ubuntu/J999/J9_Admin/J9_Admin.csproj : warning NU1701: Package 'NPinyin 0.2.6321.26573' was restored using '.NETFramework,Version=v4.6.1, .NETFramework,Version=v4.6.2, .NETFramework,Version=v4.7, .NETFramework,Version=v4.7.1, .NETFramework,Version=v4.7.2, .NETFramework,Version=v4.8, .NETFramework,Version=v4.8.1' instead of the project target framework 'net8.0'. This package may not be fully compatible with your project.
/home/ubuntu/J999/J9_Admin/J9_Admin.csproj : warning NU1701: Package 'NPinyin 0.2.6321.26573' was restored using '.NETFramework,Version=v4.6.1, .NETFramework,Version=v4.6.2, .NETFramework,Version=v4.7, .NETFramework,Version=v4.7.1, .NETFramework,Version=v4.7.2, .NETFramework,Version=v4.8, .NETFramework,Version=v4.8.1' instead of the project target framework 'net8.0'. This package may not be fully compatible with your project.
CSC : warning CS9057: The analyzer assembly '/home/ubuntu/.nuget/packages/rougamo.fody/5.0.2/analyzers/dotnet/cs/Rougamo.Analyzers.dll' references version '4.12.0.0' of the compiler, which is newer than the currently running version '4.8.0.0'. [/home/ubuntu/J999/J9_Admin/J9_Admin.csproj]
[22:49:19 INF] 启动应用程序...
[22:49:19 INF] 当前环境: Development
[22:49:20 INF] API域名配置: http://localhost:5231
/home/ubuntu/J999/J9_Admin/bin/Debug/net8.0/Configs
/home/ubuntu/J999/J9_Admin/bin/Debug/net8.0/Configs/ossconfig.json
/home/ubuntu/J999/J9_Admin/bin/Debug/net8.0/Configs/bot_states.json
/home/ubuntu/J999/J9_Admin/bin/Debug/net8.0/Configs/ossconfig.Development.json
[22:49:21] PRAGMA "main".table_info("SysAuditEntityLog")

[22:49:21] PRAGMA "main".INDEX_LIST("SysAuditEntityLog")

[22:49:21] PRAGMA "main".table_info("SysAuditLog")

[22:49:21] PRAGMA "main".INDEX_LIST("SysAuditLog")

[22:49:21] PRAGMA "main".table_info("SysDict")

[22:49:21] PRAGMA "main".INDEX_LIST("SysDict")

[22:49:21] PRAGMA "main".table_info("SysParam")

[22:49:21] PRAGMA "main".INDEX_LIST("SysParam")

[22:49:21] PRAGMA "main".table_info("SysOrg")

[22:49:21] PRAGMA "main".INDEX_LIST("SysOrg")

[22:49:21] PRAGMA "main".table_info("SysUser")

[22:49:21] PRAGMA "main".INDEX_LIST("SysUser")

[22:49:21] PRAGMA "main".INDEX_INFO("idx_member_invite_code")

[22:49:21] PRAGMA "main".INDEX_INFO("idx_member_username")

[22:49:21] PRAGMA "main".table_info("SysUserLoginLog")

[22:49:21] PRAGMA "main".INDEX_LIST("SysUserLoginLog")

[22:49:21] PRAGMA "main".table_info("SysRole")

[22:49:21] PRAGMA "main".INDEX_LIST("SysRole")

[22:49:21] PRAGMA "main".table_info("SysRoleUser")

[22:49:21] PRAGMA "main".INDEX_LIST("SysRoleUser")

[22:49:21] PRAGMA "main".table_info("SysMenu")

[22:49:21] PRAGMA "main".INDEX_LIST("SysMenu")

[22:49:21] PRAGMA "main".table_info("SysRoleMenu")

[22:49:21] PRAGMA "main".INDEX_LIST("SysRoleMenu")

[22:49:21] PRAGMA "main".table_info("SysTenant")

[22:49:21] PRAGMA "main".INDEX_LIST("SysTenant")

[22:49:21] PRAGMA "main".table_info("SysTenantDatabase")

[22:49:21] PRAGMA "main".INDEX_LIST("SysTenantDatabase")

[22:49:21] PRAGMA "main".table_info("SysTenantMenu")

[22:49:21] PRAGMA "main".INDEX_LIST("SysTenantMenu")

[22:49:24] 
CREATE UNIQUE INDEX IF NOT EXISTS uk_ddd_agent_agentname_nonempty
ON ddd_agent("AgentName")
WHERE length(trim(coalesce("AgentName", ''))) > 0;


[22:49:24 INF] 正在启动 Telegram Bot 服务...
[22:49:24 INF] Telegram Bot 服务启动成功
